0 info it worked if it ends with ok
1 verbose cli [
1 verbose cli   'C:\\Program Files\\nodejs\\node.exe',
1 verbose cli   'C:\\Users\\lenovo\\AppData\\Roaming\\npm\\node_modules\\npm\\bin\\npm-cli.js',
1 verbose cli   'install',
1 verbose cli   '-g',
1 verbose cli   'n'
1 verbose cli ]
2 info using npm@3.8.6
3 info using node@v14.19.0
4 silly loadCurrentTree Starting
5 silly install loadCurrentTree
6 silly install readGlobalPackageData
7 silly fetchPackageMetaData n
8 silly fetchNamedPackageData n
9 silly mapToRegistry name n
10 silly mapToRegistry using default registry
11 silly mapToRegistry registry https://registry.npm.taobao.org/
12 silly mapToRegistry data Result {
12 silly mapToRegistry   raw: 'n',
12 silly mapToRegistry   scope: null,
12 silly mapToRegistry   name: 'n',
12 silly mapToRegistry   rawSpec: '',
12 silly mapToRegistry   spec: 'latest',
12 silly mapToRegistry   type: 'tag'
12 silly mapToRegistry }
13 silly mapToRegistry uri https://registry.npm.taobao.org/n
14 verbose request uri https://registry.npm.taobao.org/n
15 verbose request no auth needed
16 info attempt registry request try #1 at 17:07:46
17 verbose request id b29b90e8588c36b1
18 http request GET https://registry.npm.taobao.org/n
19 http 200 https://registry.npm.taobao.org/n
20 verbose headers {
20 verbose headers   server: 'Tengine',
20 verbose headers   'content-type': 'application/json; charset=utf-8',
20 verbose headers   'content-length': '56913',
20 verbose headers   connection: 'keep-alive',
20 verbose headers   'strict-transport-security': 'max-age=5184000',
20 verbose headers   date: 'Mon, 07 Mar 2022 09:07:47 GMT',
20 verbose headers   vary: 'Origin, Accept, Accept-Encoding',
20 verbose headers   'request-id': '0ec41590-9df6-11ec-b638-e3a0bddfdabd',
20 verbose headers   'cache-control': 'public, max-age=300',
20 verbose headers   'x-frame-options': 'SAMEORIGIN',
20 verbose headers   'x-xss-protection': '1; mode=block',
20 verbose headers   'x-content-type-options': 'nosniff',
20 verbose headers   'x-download-options': 'noopen',
20 verbose headers   'x-readtime': '0.994',
20 verbose headers   via: 'cn1502.l1, kunlun3.cn1502, l2cn1837.l2, cache63.l2cn1837, npmmirror-x86-001, cache63.l2cn1837[24,25,304-0,M], cache31.l2cn1837[26,0], kunlun3.cn1502[55,56,200-0,H], kunlun1.cn1502[60,0]',
20 verbose headers   etag: 'W/"1f0b84bfe7b24ad890f96c12596878b6289ca008"',
20 verbose headers   'ali-swift-global-savetime': '1646644067',
20 verbose headers   'content-encoding': 'gzip',
20 verbose headers   age: '0',
20 verbose headers   'x-cache': 'HIT TCP_REFRESH_HIT dirn:0:431106467',
20 verbose headers   'x-swift-savetime': 'Mon, 07 Mar 2022 09:07:47 GMT',
20 verbose headers   'x-swift-cachetime': '120',
20 verbose headers   'timing-allow-origin': '*',
20 verbose headers   eagleid: 'ddec0b0116466440676604906e'
20 verbose headers }
21 silly get cb [
21 silly get   200,
21 silly get   {
21 silly get     server: 'Tengine',
21 silly get     'content-type': 'application/json; charset=utf-8',
21 silly get     'content-length': '56913',
21 silly get     connection: 'keep-alive',
21 silly get     'strict-transport-security': 'max-age=5184000',
21 silly get     date: 'Mon, 07 Mar 2022 09:07:47 GMT',
21 silly get     vary: 'Origin, Accept, Accept-Encoding',
21 silly get     'request-id': '0ec41590-9df6-11ec-b638-e3a0bddfdabd',
21 silly get     'cache-control': 'public, max-age=300',
21 silly get     'x-frame-options': 'SAMEORIGIN',
21 silly get     'x-xss-protection': '1; mode=block',
21 silly get     'x-content-type-options': 'nosniff',
21 silly get     'x-download-options': 'noopen',
21 silly get     'x-readtime': '0.994',
21 silly get     via: 'cn1502.l1, kunlun3.cn1502, l2cn1837.l2, cache63.l2cn1837, npmmirror-x86-001, cache63.l2cn1837[24,25,304-0,M], cache31.l2cn1837[26,0], kunlun3.cn1502[55,56,200-0,H], kunlun1.cn1502[60,0]',
21 silly get     etag: 'W/"1f0b84bfe7b24ad890f96c12596878b6289ca008"',
21 silly get     'ali-swift-global-savetime': '1646644067',
21 silly get     'content-encoding': 'gzip',
21 silly get     age: '0',
21 silly get     'x-cache': 'HIT TCP_REFRESH_HIT dirn:0:431106467',
21 silly get     'x-swift-savetime': 'Mon, 07 Mar 2022 09:07:47 GMT',
21 silly get     'x-swift-cachetime': '120',
21 silly get     'timing-allow-origin': '*',
21 silly get     eagleid: 'ddec0b0116466440676604906e'
21 silly get   }
21 silly get ]
22 verbose get saving N to C:\Users\lenovo\AppData\Roaming\npm-cache\registry.npm.taobao.org\n\.cache.json
23 verbose correctMkdir C:\Users\lenovo\AppData\Roaming\npm-cache correctMkdir not in flight; initializing
24 silly install normalizeTree
25 silly loadCurrentTree Finishing
26 silly loadIdealTree Starting
27 silly install loadIdealTree
28 silly cloneCurrentTree Starting
29 silly install cloneCurrentTreeToIdealTree
30 silly cloneCurrentTree Finishing
31 silly loadShrinkwrap Starting
32 silly install loadShrinkwrap
33 silly loadShrinkwrap Finishing
34 silly loadAllDepsIntoIdealTree Starting
35 silly install loadAllDepsIntoIdealTree
36 silly rollbackFailedOptional Starting
37 silly rollbackFailedOptional Finishing
38 silly runTopLevelLifecycles Starting
39 silly runTopLevelLifecycles Finishing
40 silly install printInstalled
41 verbose stack Error: Unsupported platform for n@8.0.2: wanted {"name":"n","description":"Interactively Manage All Your Node Versions","version":"8.0.2","author":{"name":"TJ Holowaychuk","email":"tj@vision-media.ca"},"homepage":"https://github.com/tj/n","bugs":{"url":"https://github.com/tj/n/issues"},"contributors":[{"name":"n Contributors","url":"https://github.com/tj/n/graphs/contributors"}],"keywords":["nvm","node","version","manager","switcher","node","binary","env"],"bin":{"n":"bin/n"},"repository":{"type":"git","url":"git://github.com/tj/n.git"},"scripts":{"test":"test/bin/run-all-tests"},"devDependencies":{"bats":"^1.2.1","bats-assert":"github:bats-core/bats-assert","bats-support":"github:bats-core/bats-support"},"preferGlobal":true,"os":["!win32"],"engines":{"node":"*"},"license":"MIT","gitHead":"885009cd3d82f45bd6a73c2111ba8e7ea2691777","_id":"n@8.0.2","_nodeVersion":"16.13.1","_npmVersion":"8.1.2","dist":{"integrity":"sha512-IvKMeWenkEntHnktypexqIi1BCTQc0Po1+zBanui+flF4dwHtsV+B2WNkx6KAMCqlTHyIisSddj1Y7EbnKRgXQ==","shasum":"8dec9c90245309e4d0b78d8c89b0ea5588e021c7","tarball":"https://registry.npmmirror.com/N/-/N-8.0.2.tgz","fileCount":4,"unpackedSize":61267,"npm-signature":"-----BEGIN PGP SIGNATURE-----\r\nVersion: OpenPGP.js v3.0.13\r\nComment: https://openpgpjs.org\r\n\r\nwsFcBAEBCAAQBQJh2fzUCRA9TVsSAnZWagAALgEP+QBAr1u+LV18xhuIX+2G\nFqgmXwjHYSYiE7OBkQw4/X6/ETySC8WC6cWavUNF+jgJt8NjDAW7PAN3LWlg\npM3bCljx4vAffCXB9xlLtcFSpyUEMmxpI7/OyvfYTC1hkBjutAo9uSbT6wHc\noJ1iU9McjBY/ylnA3xYWsfccWg2noY02LpEYduZSYYYBXfAtBbBScbl1hldC\nmF6H29qzmIPTRoGuXR5zxzgvmxHFqeMOTxuYaZlctxF+zuzqZCHE4iQHyl0n\nCUy7UkNskKLxRvDVLbmLXcXmw6OFmQ8kGM3B7SkJphCS1JkK3nmRW+jdDD1S\niIvAq2fFDXJLOwGB7LVYzbID98QfLCM+7lF/ma2IVRbBnQDk7cFCkXvjMzL8\nwIyreou/w79kPykN7CbnCmwl5/KN+xW5s7HGrsz7XUWZFxINPkfuGpLJm7MI\nLytZoHh8whAe7DGu/gB2dji9+TsiKGg4swINhzPkk9LbsI6rddwKFoZoWivd\ntaln+LTvVEz1ATLlhsZjeWnLatg0/y18Zs7xKvycQdXhG5hfqH6jFrJwHSMv\nkW3TT4pCh11FAcYfBXleWgRWEBUW+lJg/Gte7dwh4Jn7SasDadRK+51x4EfO\nEN4ooPfwuUj9hzpfCwmnBO0lGtt3I16ri2o3plsrbKfZJY5UuK7c+mtDF6Ga\n9e6f\r\n=hFV1\r\n-----END PGP SIGNATURE-----\r\n","size":19087},"_npmUser":{"name":"shadowspawn","email":"npm_j@ruru.gen.nz"},"directories":{},"maintainers":[{"name":"bat","email":"ben@benatkin.com"},{"name":"tjholowaychuk","email":"tj@vision-media.ca"},{"name":"tjwebb","email":"me@traviswebb.com"},{"name":"qw3rtman","email":"me@nimit.io"},{"name":"troy0820","email":"troy0820@gmail.com"},{"name":"shadowspawn","email":"npm_j@ruru.gen.nz"}],"_npmOperationalInternal":{"host":"s3://npm-registry-packages","tmp":"tmp/n_8.0.2_1641675987846_0.8912493156192149"},"_hasShrinkwrap":false,"_cnpmcore_publish_time":"2022-01-08T21:16:38.594Z","_requested":{"raw":"n","scope":null,"name":"n","rawSpec":"","spec":"latest","type":"tag"},"_spec":"n","_where":"","_args":[["n",""]],"readme":"ERROR: No README data found!"} (current: {"os":"win32","cpu":"x64"})
41 verbose stack     at checkPlatform (C:\Users\lenovo\AppData\Roaming\npm\node_modules\npm\node_modules\npm-install-checks\index.js:45:14)
41 verbose stack     at thenWarnEngineIssues (C:\Users\lenovo\AppData\Roaming\npm\node_modules\npm\lib\install\validate-args.js:41:5)
41 verbose stack     at C:\Users\lenovo\AppData\Roaming\npm\node_modules\npm\node_modules\iferr\index.js:13:50
41 verbose stack     at checkEngine (C:\Users\lenovo\AppData\Roaming\npm\node_modules\npm\node_modules\npm-install-checks\index.js:24:10)
41 verbose stack     at module.exports.isInstallable (C:\Users\lenovo\AppData\Roaming\npm\node_modules\npm\lib\install\validate-args.js:38:3)
41 verbose stack     at Array.<anonymous> (C:\Users\lenovo\AppData\Roaming\npm\node_modules\npm\node_modules\slide\lib\bind-actor.js:15:8)
41 verbose stack     at LOOP (C:\Users\lenovo\AppData\Roaming\npm\node_modules\npm\node_modules\slide\lib\chain.js:15:14)
41 verbose stack     at C:\Users\lenovo\AppData\Roaming\npm\node_modules\npm\node_modules\slide\lib\chain.js:18:7
41 verbose stack     at checkSelf (C:\Users\lenovo\AppData\Roaming\npm\node_modules\npm\lib\install\validate-args.js:46:72)
41 verbose stack     at Array.<anonymous> (C:\Users\lenovo\AppData\Roaming\npm\node_modules\npm\node_modules\slide\lib\bind-actor.js:15:8)
42 verbose pkgid n@8.0.2
43 verbose cwd D:\vscRepo
44 error Windows_NT 10.0.22000
45 error argv "C:\\Program Files\\nodejs\\node.exe" "C:\\Users\\lenovo\\AppData\\Roaming\\npm\\node_modules\\npm\\bin\\npm-cli.js" "install" "-g" "n"
46 error node v14.19.0
47 error npm  v3.8.6
48 error code EBADPLATFORM
49 error notsup Not compatible with your operating system or architecture: n@8.0.2
50 error notsup Valid OS:    !win32
50 error notsup Valid Arch:  any
50 error notsup Actual OS:   win32
50 error notsup Actual Arch: x64
51 verbose exit [ 1, true ]
